<?xml version="1.0" encoding="UTF-8"?>
<!-- Generated by org.testng.reporters.JUnitReportReporter -->
<testsuite ignored="0" hostname="HYDPCM346075L" failures="0" tests="1" name="demo" time="10.473" errors="0" timestamp="27 Oct 2020 13:12:43 GMT" skipped="0">
  <testcase classname="demo" name="f" time="10.473"/>
</testsuite> <!-- demo -->
